[Tue, 02 Apr 2013 14:43:00 GMT] INFO Server starting with config: {
  "environment": "development",
  "workers": 1,
  "port": 4000,
  "spdy": null,
  "ssl": null,
  "debug": true,
  "rotateWorkers": false,
  "rotationWindow": 7200000,
  "rotationTimeout": 300000,
  "logDir": "/var/www/misproyectos/nodejs/geddyFramework/log",
  "gracefulShutdownTimeout": 30000,
  "heartbeatInterval": 5000,
  "heartbeatWindow": 20000,
  "staticFilePath": "/var/www/misproyectos/nodejs/geddyFramework/public",
  "sessions": {
    "store": "memory",
    "key": "sid",
    "expiry": 1209600
  },
  "cookieSessionKey": "sdata",
  "metrics": null,
  "i18n": {
    "defaultLocale": "en-us",
    "loadPaths": [
      "/var/www/misproyectos/nodejs/geddyFramework/config/locales"
    ]
  },
  "hostname": null,
  "fullHostname": null,
  "connectCompatibility": false,
  "detailedErrors": true,
  "model": {
    "defaultAdapter": "memory"
  }
}
[Tue, 02 Apr 2013 14:43:00 GMT] INFO Creating 1 worker process.
[Tue, 02 Apr 2013 14:43:00 GMT] INFO Server worker running in development on port 4000 with a PID of: 18187
